<?xml version="1.0" encoding="UTF-8"?>
<!-- Generated by org.testng.reporters.JUnitReportReporter -->
<testsuite hostname="DESKTOP-TST5T3M" failures="0" tests="2" name="TestRunner.TestRunner_BootCamp" time="47.937" errors="0" timestamp="2021-08-08T13:59:42 CDT" skipped="0">
  <testcase classname="TestRunner.TestRunner_BootCamp" name="feature" time="22.425"/>
  <system-out/>
  <testcase classname="TestRunner.TestRunner_BootCamp" name="feature" time="25.512"/>
  <system-out/>
</testsuite> <!-- TestRunner.TestRunner_BootCamp -->
