<?xml version="1.0" encoding="UTF-8"?>
<!-- Generated by org.testng.reporters.JUnitReportReporter -->
<testsuite hostname="DESKTOP-TST5T3M" failures="0" tests="2" name="TestRunner.TestRunner_BootCamp" time="31.734" errors="0" timestamp="2021-08-08T10:50:39 CDT" skipped="0">
  <testcase classname="TestRunner.TestRunner_BootCamp" name="feature" time="10.959"/>
  <system-out/>
  <testcase classname="TestRunner.TestRunner_BootCamp" name="feature" time="20.775"/>
  <system-out/>
</testsuite> <!-- TestRunner.TestRunner_BootCamp -->
